<?xml version="1.0" encoding="UTF-8"?>
<!-- Generated by org.testng.reporters.JUnitReportReporter -->
<testsuite hostname="Univa-Dell" name="FirstTest.AssertTest" tests="1" failures="0" timestamp="6 Nov 2019 22:44:47 GMT" time="9.290" errors="0">
  <testcase name="assertTest" time="9.290" classname="FirstTest.AssertTest"/>
</testsuite> <!-- FirstTest.AssertTest -->
